<?xml version="1.0" encoding="UTF-8"?>
<!-- Generated by org.testng.reporters.JUnitXMLReporter -->
<testsuite ignored="0" hostname="ATMECSINLT-917" failures="16" tests="19" name="RS_Sanity Test" time="545.519" errors="0" timestamp="05 Oct 2021 19:06:45 GMT">
  <testcase classname="com.nic.rs.qa.tests.HomePageTest" name="searchColumbusTest" time="16.714"/>
  <testcase classname="com.nic.rs.qa.tests.HomePageTest" name="searchColumbusTest" time="16.704"/>
  <testcase classname="com.nic.rs.qa.tests.HomePageTest" name="searchColumbusTest" time="16.82">
    <failure type="java.lang.AssertionError" message="expected [https://master.d1kf438yw3sssi.amplifyapp.com/ca/yolo-county/woodland/foreclosures] but found [https://master.d1kf438yw3sssi.amplifyapp.com/or/morrow-county/boardman/foreclosures]">
      <![CDATA[java.lang.AssertionError: expected [https://master.d1kf438yw3sssi.amplifyapp.com/ca/yolo-county/woodland/foreclosures] but found [https://master.d1kf438yw3sssi.amplifyapp.com/or/morrow-county/boardman/foreclosures]
at com.nic.rs.qa.tests.HomePageTest.searchColumbusTest(HomePageTest.java:67)
... Removed 31 stack frames]]>
    </failure>
  </testcase> <!-- searchColumbusTest -->
  <testcase classname="com.nic.rs.qa.tests.HomePageTest" name="searchColumbusTest" time="16.774">
    <failure type="java.lang.AssertionError" message="expected [https://master.d1kf438yw3sssi.amplifyapp.com/ca/yolo-county/woodland/foreclosures] but found [https://master.d1kf438yw3sssi.amplifyapp.com/or/morrow-county/boardman/foreclosures]">
      <![CDATA[java.lang.AssertionError: expected [https://master.d1kf438yw3sssi.amplifyapp.com/ca/yolo-county/woodland/foreclosures] but found [https://master.d1kf438yw3sssi.amplifyapp.com/or/morrow-county/boardman/foreclosures]
at com.nic.rs.qa.tests.HomePageTest.searchColumbusTest(HomePageTest.java:67)
... Removed 31 stack frames]]>
    </failure>
  </testcase> <!-- searchColumbusTest -->
  <testcase classname="com.nic.rs.qa.tests.HomePageTest" name="searchColumbusTest" time="16.786">
    <failure type="java.lang.AssertionError" message="expected [https://master.d1kf438yw3sssi.amplifyapp.com/ca/los-angeles-county/canoga-park/foreclosures/] but found [https://master.d1kf438yw3sssi.amplifyapp.com/or/morrow-county/boardman/foreclosures]">
      <![CDATA[java.lang.AssertionError: expected [https://master.d1kf438yw3sssi.amplifyapp.com/ca/los-angeles-county/canoga-park/foreclosures/] but found [https://master.d1kf438yw3sssi.amplifyapp.com/or/morrow-county/boardman/foreclosures]
at com.nic.rs.qa.tests.HomePageTest.searchColumbusTest(HomePageTest.java:67)
... Removed 31 stack frames]]>
    </failure>
  </testcase> <!-- searchColumbusTest -->
  <testcase classname="com.nic.rs.qa.tests.HomePageTest" name="searchColumbusTest" time="16.66">
    <failure type="java.lang.AssertionError" message="expected [https://master.d1kf438yw3sssi.amplifyapp.com/ca/los-angeles-county/canoga-park/foreclosures] but found [https://master.d1kf438yw3sssi.amplifyapp.com/or/morrow-county/boardman/foreclosures]">
      <![CDATA[java.lang.AssertionError: expected [https://master.d1kf438yw3sssi.amplifyapp.com/ca/los-angeles-county/canoga-park/foreclosures] but found [https://master.d1kf438yw3sssi.amplifyapp.com/or/morrow-county/boardman/foreclosures]
at com.nic.rs.qa.tests.HomePageTest.searchColumbusTest(HomePageTest.java:67)
... Removed 31 stack frames]]>
    </failure>
  </testcase> <!-- searchColumbusTest -->
  <testcase classname="com.nic.rs.qa.tests.HomePageTest" name="searchColumbusTest" time="16.702">
    <failure type="java.lang.AssertionError" message="expected [https://master.d1kf438yw3sssi.amplifyapp.com/ca/los-angeles-county/foreclosures] but found [https://master.d1kf438yw3sssi.amplifyapp.com/or/morrow-county/boardman/foreclosures]">
      <![CDATA[java.lang.AssertionError: expected [https://master.d1kf438yw3sssi.amplifyapp.com/ca/los-angeles-county/foreclosures] but found [https://master.d1kf438yw3sssi.amplifyapp.com/or/morrow-county/boardman/foreclosures]
at com.nic.rs.qa.tests.HomePageTest.searchColumbusTest(HomePageTest.java:67)
... Removed 31 stack frames]]>
    </failure>
  </testcase> <!-- searchColumbusTest -->
  <testcase classname="com.nic.rs.qa.tests.HomePageTest" name="searchColumbusTest" time="16.664">
    <failure type="java.lang.AssertionError" message="expected [https://master.d1kf438yw3sssi.amplifyapp.com/ca/los-angeles-county/foreclosures] but found [https://master.d1kf438yw3sssi.amplifyapp.com/or/morrow-county/boardman/foreclosures]">
      <![CDATA[java.lang.AssertionError: expected [https://master.d1kf438yw3sssi.amplifyapp.com/ca/los-angeles-county/foreclosures] but found [https://master.d1kf438yw3sssi.amplifyapp.com/or/morrow-county/boardman/foreclosures]
at com.nic.rs.qa.tests.HomePageTest.searchColumbusTest(HomePageTest.java:67)
... Removed 31 stack frames]]>
    </failure>
  </testcase> <!-- searchColumbusTest -->
  <testcase classname="com.nic.rs.qa.tests.HomePageTest" name="searchColumbusTest" time="16.637">
    <failure type="java.lang.AssertionError" message="expected [https://master.d1kf438yw3sssi.amplifyapp.com/ca/los-angeles-county/foreclosures] but found [https://master.d1kf438yw3sssi.amplifyapp.com/or/morrow-county/boardman/foreclosures]">
      <![CDATA[java.lang.AssertionError: expected [https://master.d1kf438yw3sssi.amplifyapp.com/ca/los-angeles-county/foreclosures] but found [https://master.d1kf438yw3sssi.amplifyapp.com/or/morrow-county/boardman/foreclosures]
at com.nic.rs.qa.tests.HomePageTest.searchColumbusTest(HomePageTest.java:67)
... Removed 31 stack frames]]>
    </failure>
  </testcase> <!-- searchColumbusTest -->
  <testcase classname="com.nic.rs.qa.tests.HomePageTest" name="searchColumbusTest" time="16.709">
    <failure type="java.lang.AssertionError" message="expected [https://master.d1kf438yw3sssi.amplifyapp.com/la/west-carroll-county/foreclosures] but found [https://master.d1kf438yw3sssi.amplifyapp.com/or/morrow-county/boardman/foreclosures]">
      <![CDATA[java.lang.AssertionError: expected [https://master.d1kf438yw3sssi.amplifyapp.com/la/west-carroll-county/foreclosures] but found [https://master.d1kf438yw3sssi.amplifyapp.com/or/morrow-county/boardman/foreclosures]
at com.nic.rs.qa.tests.HomePageTest.searchColumbusTest(HomePageTest.java:67)
... Removed 31 stack frames]]>
    </failure>
  </testcase> <!-- searchColumbusTest -->
  <testcase classname="com.nic.rs.qa.tests.HomePageTest" name="searchColumbusTest" time="16.695">
    <failure type="java.lang.AssertionError" message="expected [https://master.d1kf438yw3sssi.amplifyapp.com/la/west-carroll-county/foreclosures/] but found [https://master.d1kf438yw3sssi.amplifyapp.com/or/morrow-county/boardman/foreclosures]">
      <![CDATA[java.lang.AssertionError: expected [https://master.d1kf438yw3sssi.amplifyapp.com/la/west-carroll-county/foreclosures/] but found [https://master.d1kf438yw3sssi.amplifyapp.com/or/morrow-county/boardman/foreclosures]
at com.nic.rs.qa.tests.HomePageTest.searchColumbusTest(HomePageTest.java:67)
... Removed 31 stack frames]]>
    </failure>
  </testcase> <!-- searchColumbusTest -->
  <testcase classname="com.nic.rs.qa.tests.HomePageTest" name="searchColumbusTest" time="16.937">
    <failure type="java.lang.AssertionError" message="expected [https://master.d1kf438yw3sssi.amplifyapp.com/la/west-carroll-county/foreclosures] but found [https://master.d1kf438yw3sssi.amplifyapp.com/or/morrow-county/boardman/foreclosures]">
      <![CDATA[java.lang.AssertionError: expected [https://master.d1kf438yw3sssi.amplifyapp.com/la/west-carroll-county/foreclosures] but found [https://master.d1kf438yw3sssi.amplifyapp.com/or/morrow-county/boardman/foreclosures]
at com.nic.rs.qa.tests.HomePageTest.searchColumbusTest(HomePageTest.java:67)
... Removed 31 stack frames]]>
    </failure>
  </testcase> <!-- searchColumbusTest -->
  <testcase classname="com.nic.rs.qa.tests.HomePageTest" name="searchColumbusTest" time="16.638">
    <failure type="java.lang.AssertionError" message="expected [https://master.d1kf438yw3sssi.amplifyapp.com/ks/finney-county/foreclosures] but found [https://master.d1kf438yw3sssi.amplifyapp.com/or/morrow-county/boardman/foreclosures]">
      <![CDATA[java.lang.AssertionError: expected [https://master.d1kf438yw3sssi.amplifyapp.com/ks/finney-county/foreclosures] but found [https://master.d1kf438yw3sssi.amplifyapp.com/or/morrow-county/boardman/foreclosures]
at com.nic.rs.qa.tests.HomePageTest.searchColumbusTest(HomePageTest.java:67)
... Removed 31 stack frames]]>
    </failure>
  </testcase> <!-- searchColumbusTest -->
  <testcase classname="com.nic.rs.qa.tests.HomePageTest" name="searchColumbusTest" time="16.683">
    <failure type="java.lang.AssertionError" message="expected [https://master.d1kf438yw3sssi.amplifyapp.com/ks/finney-county/foreclosures] but found [https://master.d1kf438yw3sssi.amplifyapp.com/or/morrow-county/boardman/foreclosures]">
      <![CDATA[java.lang.AssertionError: expected [https://master.d1kf438yw3sssi.amplifyapp.com/ks/finney-county/foreclosures] but found [https://master.d1kf438yw3sssi.amplifyapp.com/or/morrow-county/boardman/foreclosures]
at com.nic.rs.qa.tests.HomePageTest.searchColumbusTest(HomePageTest.java:67)
... Removed 31 stack frames]]>
    </failure>
  </testcase> <!-- searchColumbusTest -->
  <testcase classname="com.nic.rs.qa.tests.HomePageTest" name="searchColumbusTest" time="16.646">
    <failure type="java.lang.AssertionError" message="expected [https://master.d1kf438yw3sssi.amplifyapp.com/ks/finney-county/foreclosures] but found [https://master.d1kf438yw3sssi.amplifyapp.com/or/morrow-county/boardman/foreclosures]">
      <![CDATA[java.lang.AssertionError: expected [https://master.d1kf438yw3sssi.amplifyapp.com/ks/finney-county/foreclosures] but found [https://master.d1kf438yw3sssi.amplifyapp.com/or/morrow-county/boardman/foreclosures]
at com.nic.rs.qa.tests.HomePageTest.searchColumbusTest(HomePageTest.java:67)
... Removed 31 stack frames]]>
    </failure>
  </testcase> <!-- searchColumbusTest -->
  <testcase classname="com.nic.rs.qa.tests.HomePageTest" name="searchColumbusTest" time="16.634"/>
  <testcase classname="com.nic.rs.qa.tests.HomePageTest" name="searchColumbusTest" time="16.878">
    <failure type="java.lang.AssertionError" message="expected [https://master.d1kf438yw3sssi.amplifyapp.com/fl/miami-dade-county/bay-harbor-is/foreclosures] but found [https://master.d1kf438yw3sssi.amplifyapp.com/or/morrow-county/boardman/foreclosures]">
      <![CDATA[java.lang.AssertionError: expected [https://master.d1kf438yw3sssi.amplifyapp.com/fl/miami-dade-county/bay-harbor-is/foreclosures] but found [https://master.d1kf438yw3sssi.amplifyapp.com/or/morrow-county/boardman/foreclosures]
at com.nic.rs.qa.tests.HomePageTest.searchColumbusTest(HomePageTest.java:67)
... Removed 30 stack frames]]>
    </failure>
  </testcase> <!-- searchColumbusTest -->
  <testcase classname="com.nic.rs.qa.tests.HomePageTest" name="searchColumbusTest" time="16.668">
    <failure type="java.lang.AssertionError" message="expected [https://master.d1kf438yw3sssi.amplifyapp.com/vt/addison-county/addison/foreclosures] but found [https://master.d1kf438yw3sssi.amplifyapp.com/or/morrow-county/boardman/foreclosures]">
      <![CDATA[java.lang.AssertionError: expected [https://master.d1kf438yw3sssi.amplifyapp.com/vt/addison-county/addison/foreclosures] but found [https://master.d1kf438yw3sssi.amplifyapp.com/or/morrow-county/boardman/foreclosures]
at com.nic.rs.qa.tests.HomePageTest.searchColumbusTest(HomePageTest.java:67)
... Removed 30 stack frames]]>
    </failure>
  </testcase> <!-- searchColumbusTest -->
  <testcase classname="com.nic.rs.qa.tests.HomePageTest" name="searchColumbusTest" time="16.671">
    <failure type="java.lang.AssertionError" message="expected [https://master.d1kf438yw3sssi.amplifyapp.com/vt/addison-county/addison/foreclosures] but found [https://master.d1kf438yw3sssi.amplifyapp.com/or/morrow-county/boardman/foreclosures]">
      <![CDATA[java.lang.AssertionError: expected [https://master.d1kf438yw3sssi.amplifyapp.com/vt/addison-county/addison/foreclosures] but found [https://master.d1kf438yw3sssi.amplifyapp.com/or/morrow-county/boardman/foreclosures]
at com.nic.rs.qa.tests.HomePageTest.searchColumbusTest(HomePageTest.java:67)
... Removed 30 stack frames]]>
    </failure>
  </testcase> <!-- searchColumbusTest -->
</testsuite> <!-- RS_Sanity Test -->
