<!DOCTYPE html>

<html>
  <head>
  <meta charset='utf-8'>
  <title>TestNG reports</title>

    <link type="text/css" href="testng-reports.css" rel="stylesheet" />
    <script type="text/javascript" src="jquery-1.7.1.min.js"></script>
    <script type="text/javascript" src="testng-reports.js"></script>
    <script type="text/javascript" src="https://www.google.com/jsapi"></script>
    <script type='text/javascript'>
      google.load('visualization', '1', {packages:['table']});
      google.setOnLoadCallback(drawTable);
      var suiteTableInitFunctions = new Array();
      var suiteTableData = new Array();
    </script>
    <!--
      <script type="text/javascript" src="jquery-ui/js/jquery-ui-1.8.16.custom.min.js"></script>
     -->
  </head>

  <body>
    <div class="top-banner-root">
      <span class="top-banner-title-font">Test results</span>
      <br/>
      <span class="top-banner-font-1">1 suite, 2 failed tests</span>
    </div> <!-- top-banner-root -->
    <div class="navigator-root">
      <div class="navigator-suite-header">
        <span>All suites</span>
        <a href="#" title="Collapse/expand all the suites" class="collapse-all-link">
          <img src="collapseall.gif" class="collapse-all-icon">
          </img> <!-- collapse-all-icon -->
        </a> <!-- collapse-all-link -->
      </div> <!-- navigator-suite-header -->
      <div class="suite">
        <div class="rounded-window">
          <div class="suite-header light-rounded-window-top">
            <a href="#" panel-name="suite-RealtyStore_Test_Suite" class="navigator-link">
              <span class="suite-name border-failed">RealtyStore Test Suite</span>
            </a> <!-- navigator-link -->
          </div> <!-- suite-header light-rounded-window-top -->
          <div class="navigator-suite-content">
            <div class="suite-section-title">
              <span>Info</span>
            </div> <!-- suite-section-title -->
            <div class="suite-section-content">
              <ul>
                <li>
                  <a href="#" panel-name="test-xml-RealtyStore_Test_Suite" class="navigator-link ">
                    <span>D:\NIC_Selenium Workspace\RS_WebAutomation\src\test\resources\TestSuites\testng_regression.xml</span>
                  </a> <!-- navigator-link  -->
                </li>
                <li>
                  <a href="#" panel-name="testlist-RealtyStore_Test_Suite" class="navigator-link ">
                    <span class="test-stats">1 test</span>
                  </a> <!-- navigator-link  -->
                </li>
                <li>
                  <a href="#" panel-name="group-RealtyStore_Test_Suite" class="navigator-link ">
                    <span>0 groups</span>
                  </a> <!-- navigator-link  -->
                </li>
                <li>
                  <a href="#" panel-name="times-RealtyStore_Test_Suite" class="navigator-link ">
                    <span>Times</span>
                  </a> <!-- navigator-link  -->
                </li>
                <li>
                  <a href="#" panel-name="reporter-RealtyStore_Test_Suite" class="navigator-link ">
                    <span>Reporter output</span>
                  </a> <!-- navigator-link  -->
                </li>
                <li>
                  <a href="#" panel-name="ignored-methods-RealtyStore_Test_Suite" class="navigator-link ">
                    <span>Ignored methods</span>
                  </a> <!-- navigator-link  -->
                </li>
                <li>
                  <a href="#" panel-name="chronological-RealtyStore_Test_Suite" class="navigator-link ">
                    <span>Chronological view</span>
                  </a> <!-- navigator-link  -->
                </li>
              </ul>
            </div> <!-- suite-section-content -->
            <div class="result-section">
              <div class="suite-section-title">
                <span>Results</span>
              </div> <!-- suite-section-title -->
              <div class="suite-section-content">
                <ul>
                  <li>
                    <span class="method-stats">2 methods, 2 failed,   </span>
                  </li>
                  <li>
                    <span class="method-list-title failed">Failed methods</span>
                    <span class="show-or-hide-methods failed">
                      <a href="#" panel-name="suite-RealtyStore_Test_Suite" class="hide-methods failed suite-RealtyStore_Test_Suite"> (hide)</a> <!-- hide-methods failed suite-RealtyStore_Test_Suite -->
                      <a href="#" panel-name="suite-RealtyStore_Test_Suite" class="show-methods failed suite-RealtyStore_Test_Suite"> (show)</a> <!-- show-methods failed suite-RealtyStore_Test_Suite -->
                    </span>
                    <div class="method-list-content failed suite-RealtyStore_Test_Suite">
                      <span>
                        <img src="failed.png" width="3%"/>
                        <a href="#" panel-name="suite-RealtyStore_Test_Suite" title="com.nic.rs.qa.tests.HomePageTest" class="method navigator-link" hash-for-method="HomePage_verifySearchTest(Woodland Hills,CA, https://master.d1kf438yw3sssi.amplifyapp.com/, https://master.d1kf438yw3sssi.ampl...)">HomePage_verifySearchTest(Woodland Hills,CA, https://master.d1kf438yw3sssi.amplifyapp.com/, https://master.d1kf438yw3sssi.ampl...)</a> <!-- method navigator-link -->
                      </span>
                      <br/>
                      <span>
                        <img src="failed.png" width="3%"/>
                        <a href="#" panel-name="suite-RealtyStore_Test_Suite" title="com.nic.rs.qa.tests.HomePageTest" class="method navigator-link" hash-for-method="HomePage_verifySearchTest(Boardman,OR, https://master.d1kf438yw3sssi.amplifyapp.com/, https://master.d1kf438yw3sssi.amplifyapp...)">HomePage_verifySearchTest(Boardman,OR, https://master.d1kf438yw3sssi.amplifyapp.com/, https://master.d1kf438yw3sssi.amplifyapp...)</a> <!-- method navigator-link -->
                      </span>
                      <br/>
                    </div> <!-- method-list-content failed suite-RealtyStore_Test_Suite -->
                  </li>
                </ul>
              </div> <!-- suite-section-content -->
            </div> <!-- result-section -->
          </div> <!-- navigator-suite-content -->
        </div> <!-- rounded-window -->
      </div> <!-- suite -->
    </div> <!-- navigator-root -->
    <div class="wrapper">
      <div class="main-panel-root">
        <div panel-name="suite-RealtyStore_Test_Suite" class="panel RealtyStore_Test_Suite">
          <div class="suite-RealtyStore_Test_Suite-class-failed">
            <div class="main-panel-header rounded-window-top">
              <img src="failed.png"/>
              <span class="class-name">com.nic.rs.qa.tests.HomePageTest</span>
            </div> <!-- main-panel-header rounded-window-top -->
            <div class="main-panel-content rounded-window-bottom">
              <div class="method">
                <div class="method-content">
                  <a name="HomePage_verifySearchTest(Woodland Hills,CA, https://master.d1kf438yw3sssi.amplifyapp.com/, https://master.d1kf438yw3sssi.ampl...)">
                  </a> <!-- HomePage_verifySearchTest(Woodland Hills,CA, https://master.d1kf438yw3sssi.amplifyapp.com/, https://master.d1kf438yw3sssi.ampl...) -->
                  <span class="method-name">HomePage_verifySearchTest</span>
                  <span class="parameters">(Woodland Hills,CA, https://master.d1kf438yw3sssi.amplifyapp.com/, https://master.d1kf438yw3sssi.amplifyapp.com/ca/los-angeles-county/woodland-hills/foreclosures)</span>
                  <div class="stack-trace">java.lang.AssertionError: expected [https://master.d1kf438yw3sssi.amplifyapp.com/ca/los-angeles-county/woodland-hills/foreclosures] but found [https://www.realtystore.com/ca/los-angeles-county/los-angeles/foreclosures]
	at com.nic.rs.qa.tests.HomePageTest.HomePage_verifySearchTest(HomePageTest.java:65)
... Removed 31 stack frames
</div> <!-- stack-trace -->
                </div> <!-- method-content -->
              </div> <!-- method -->
              <div class="method">
                <div class="method-content">
                  <a name="HomePage_verifySearchTest(Boardman,OR, https://master.d1kf438yw3sssi.amplifyapp.com/, https://master.d1kf438yw3sssi.amplifyapp...)">
                  </a> <!-- HomePage_verifySearchTest(Boardman,OR, https://master.d1kf438yw3sssi.amplifyapp.com/, https://master.d1kf438yw3sssi.amplifyapp...) -->
                  <span class="method-name">HomePage_verifySearchTest</span>
                  <span class="parameters">(Boardman,OR, https://master.d1kf438yw3sssi.amplifyapp.com/, https://master.d1kf438yw3sssi.amplifyapp.com/or/morrow-county/boardman/foreclosures)</span>
                  <div class="stack-trace">org.openqa.selenium.NoSuchElementException: no such element: Unable to locate element: {&quot;method&quot;:&quot;xpath&quot;,&quot;selector&quot;:&quot;/html[1]/body[1]/div[1]/main[1]/div[3]/p[1]&quot;}
  (Session info: headless chrome=96.0.4664.93)
For documentation on this error, please visit: https://www.seleniumhq.org/exceptions/no_such_element.html
Build info: version: &apos;3.141.59&apos;, revision: &apos;e82be7d358&apos;, time: &apos;2018-11-14T08:17:03&apos;
System info: host: &apos;ATMECSINLT-917&apos;, ip: &apos;192.168.0.9&apos;, os.name: &apos;Windows 10&apos;, os.arch: &apos;amd64&apos;, os.version: &apos;10.0&apos;, java.version: &apos;16.0.1&apos;
Driver info: org.openqa.selenium.chrome.ChromeDriver
Capabilities {acceptInsecureCerts: false, browserName: chrome, browserVersion: 96.0.4664.93, chrome: {chromedriverVersion: 96.0.4664.45 (76e4c1bb2ab46..., userDataDir: C:\Users\HARISH~1.MED\AppDa...}, goog:chromeOptions: {debuggerAddress: localhost:55307}, javascriptEnabled: true, networkConnectionEnabled: false, pageLoadStrategy: normal, platform: WINDOWS, platformName: WINDOWS, proxy: Proxy(), setWindowRect: true, strictFileInteractability: false, timeouts: {implicit: 0, pageLoad: 300000, script: 30000}, unhandledPromptBehavior: dismiss and notify, webauthn:extension:credBlob: true, webauthn:extension:largeBlob: true, webauthn:virtualAuthenticators: true}
Session ID: 624b5a5954b046a2112e92069770c49f
*** Element info: {Using=xpath, value=/html[1]/body[1]/div[1]/main[1]/div[3]/p[1]}
	at org.openqa.selenium.remote.http.W3CHttpResponseCodec.createException(W3CHttpResponseCodec.java:187)
	at org.openqa.selenium.remote.http.W3CHttpResponseCodec.decode(W3CHttpResponseCodec.java:122)
	at org.openqa.selenium.remote.http.W3CHttpResponseCodec.decode(W3CHttpResponseCodec.java:49)
	at org.openqa.selenium.remote.HttpCommandExecutor.execute(HttpCommandExecutor.java:158)
	at org.openqa.selenium.remote.service.DriverCommandExecutor.execute(DriverCommandExecutor.java:83)
	at org.openqa.selenium.remote.RemoteWebDriver.execute(RemoteWebDriver.java:552)
	at org.openqa.selenium.remote.RemoteWebDriver.findElement(RemoteWebDriver.java:323)
	at org.openqa.selenium.remote.RemoteWebDriver.findElementByXPath(RemoteWebDriver.java:428)
	at org.openqa.selenium.By$ByXPath.findElement(By.java:353)
	at org.openqa.selenium.remote.RemoteWebDriver.findElement(RemoteWebDriver.java:315)
	at org.openqa.selenium.support.pagefactory.DefaultElementLocator.findElement(DefaultElementLocator.java:69)
	at org.openqa.selenium.support.pagefactory.internal.LocatingElementHandler.invoke(LocatingElementHandler.java:38)
	at jdk.proxy2/jdk.proxy2.$Proxy14.getText(Unknown Source)
	at com.nic.rs.qa.pages.HomePage.clickonSearchButton(HomePage.java:103)
	at com.nic.rs.qa.tests.HomePageTest.HomePage_verifySearchTest(HomePageTest.java:64)
... Removed 30 stack frames
</div> <!-- stack-trace -->
                </div> <!-- method-content -->
              </div> <!-- method -->
            </div> <!-- main-panel-content rounded-window-bottom -->
          </div> <!-- suite-RealtyStore_Test_Suite-class-failed -->
        </div> <!-- panel RealtyStore_Test_Suite -->
        <div panel-name="test-xml-RealtyStore_Test_Suite" class="panel">
          <div class="main-panel-header rounded-window-top">
            <span class="header-content">D:\NIC_Selenium Workspace\RS_WebAutomation\src\test\resources\TestSuites\testng_regression.xml</span>
          </div> <!-- main-panel-header rounded-window-top -->
          <div class="main-panel-content rounded-window-bottom">
            <pre>
&lt;?xml version=&quot;1.0&quot; encoding=&quot;UTF-8&quot;?&gt;
&lt;!DOCTYPE suite SYSTEM &quot;http://testng.org/testng-1.0.dtd&quot;&gt;
&lt;suite name=&quot;RealtyStore Test Suite&quot;&gt;
  &lt;listeners&gt;
    &lt;listener class-name=&quot;com.nic.rs.qa.ExtentReportListener.ExtentReportListener&quot;/&gt;
  &lt;/listeners&gt;
  &lt;test thread-count=&quot;5&quot; name=&quot;RealtyStore regression Test&quot;&gt;
    &lt;classes&gt;
      &lt;class name=&quot;com.nic.rs.qa.tests.HomePageTest&quot;/&gt;
    &lt;/classes&gt;
  &lt;/test&gt; &lt;!-- RealtyStore regression Test --&gt;
&lt;/suite&gt; &lt;!-- RealtyStore Test Suite --&gt;
            </pre>
          </div> <!-- main-panel-content rounded-window-bottom -->
        </div> <!-- panel -->
        <div panel-name="testlist-RealtyStore_Test_Suite" class="panel">
          <div class="main-panel-header rounded-window-top">
            <span class="header-content">Tests for RealtyStore Test Suite</span>
          </div> <!-- main-panel-header rounded-window-top -->
          <div class="main-panel-content rounded-window-bottom">
            <ul>
              <li>
                <span class="test-name">RealtyStore regression Test (1 class)</span>
              </li>
            </ul>
          </div> <!-- main-panel-content rounded-window-bottom -->
        </div> <!-- panel -->
        <div panel-name="group-RealtyStore_Test_Suite" class="panel">
          <div class="main-panel-header rounded-window-top">
            <span class="header-content">Groups for RealtyStore Test Suite</span>
          </div> <!-- main-panel-header rounded-window-top -->
          <div class="main-panel-content rounded-window-bottom">
          </div> <!-- main-panel-content rounded-window-bottom -->
        </div> <!-- panel -->
        <div panel-name="times-RealtyStore_Test_Suite" class="panel">
          <div class="main-panel-header rounded-window-top">
            <span class="header-content">Times for RealtyStore Test Suite</span>
          </div> <!-- main-panel-header rounded-window-top -->
          <div class="main-panel-content rounded-window-bottom">
            <div class="times-div">
              <script type="text/javascript">
suiteTableInitFunctions.push('tableData_RealtyStore_Test_Suite');
function tableData_RealtyStore_Test_Suite() {
var data = new google.visualization.DataTable();
data.addColumn('number', 'Number');
data.addColumn('string', 'Method');
data.addColumn('string', 'Class');
data.addColumn('number', 'Time (ms)');
data.addRows(2);
data.setCell(0, 0, 0)
data.setCell(0, 1, 'HomePage_verifySearchTest')
data.setCell(0, 2, 'com.nic.rs.qa.tests.HomePageTest')
data.setCell(0, 3, 3974);
data.setCell(1, 0, 1)
data.setCell(1, 1, 'HomePage_verifySearchTest')
data.setCell(1, 2, 'com.nic.rs.qa.tests.HomePageTest')
data.setCell(1, 3, 3821);
window.suiteTableData['RealtyStore_Test_Suite']= { tableData: data, tableDiv: 'times-div-RealtyStore_Test_Suite'}
return data;
}
              </script>
              <span class="suite-total-time">Total running time: 7 seconds</span>
              <div id="times-div-RealtyStore_Test_Suite">
              </div> <!-- times-div-RealtyStore_Test_Suite -->
            </div> <!-- times-div -->
          </div> <!-- main-panel-content rounded-window-bottom -->
        </div> <!-- panel -->
        <div panel-name="reporter-RealtyStore_Test_Suite" class="panel">
          <div class="main-panel-header rounded-window-top">
            <span class="header-content">Reporter output for RealtyStore Test Suite</span>
          </div> <!-- main-panel-header rounded-window-top -->
          <div class="main-panel-content rounded-window-bottom">
          </div> <!-- main-panel-content rounded-window-bottom -->
        </div> <!-- panel -->
        <div panel-name="ignored-methods-RealtyStore_Test_Suite" class="panel">
          <div class="main-panel-header rounded-window-top">
            <span class="header-content">0 ignored methods</span>
          </div> <!-- main-panel-header rounded-window-top -->
          <div class="main-panel-content rounded-window-bottom">
          </div> <!-- main-panel-content rounded-window-bottom -->
        </div> <!-- panel -->
        <div panel-name="chronological-RealtyStore_Test_Suite" class="panel">
          <div class="main-panel-header rounded-window-top">
            <span class="header-content">Methods in chronological order</span>
          </div> <!-- main-panel-header rounded-window-top -->
          <div class="main-panel-content rounded-window-bottom">
            <div class="chronological-class">
              <div class="chronological-class-name">com.nic.rs.qa.tests.HomePageTest</div> <!-- chronological-class-name -->
              <div class="configuration-method before">
                <span class="method-name">setUp</span>
                <span class="method-start">0 ms</span>
              </div> <!-- configuration-method before -->
              <div class="test-method">
                <img src="failed.png">
                </img>
                <span class="method-name">HomePage_verifySearchTest(Boardman,OR, https://master.d1kf438yw3sssi.amplifyapp.com/, https://master.d1kf438yw3sssi.amplifyapp...)</span>
                <span class="method-start">12332 ms</span>
              </div> <!-- test-method -->
              <div class="configuration-method after">
                <span class="method-name">tearDown</span>
                <span class="method-start">16603 ms</span>
              </div> <!-- configuration-method after -->
              <div class="configuration-method before">
                <span class="method-name">setUp</span>
                <span class="method-start">16758 ms</span>
              </div> <!-- configuration-method before -->
              <div class="test-method">
                <img src="failed.png">
                </img>
                <span class="method-name">HomePage_verifySearchTest(Woodland Hills,CA, https://master.d1kf438yw3sssi.amplifyapp.com/, https://master.d1kf438yw3sssi.ampl...)</span>
                <span class="method-start">28516 ms</span>
              </div> <!-- test-method -->
              <div class="configuration-method after">
                <span class="method-name">tearDown</span>
                <span class="method-start">32673 ms</span>
              </div> <!-- configuration-method after -->
          </div> <!-- main-panel-content rounded-window-bottom -->
        </div> <!-- panel -->
      </div> <!-- main-panel-root -->
    </div> <!-- wrapper -->
  </body>
</html>
